<?xml version="1.0" encoding="UTF-8"?>
<testsuite name="api.mappings.Member.UpdateMemberPositiveTest" tests="3" skipped="2" failures="1" errors="0" timestamp="2025-01-15T13:11:23" hostname="mariana-VirtualBox" time="0.11">
  <properties/>
  <testcase name="setUpMember" classname="api.mappings.Member.UpdateMemberPositiveTest" time="0.102">
    <failure message="java.lang.NumberFormatException: For input string: &quot;okhttp3.ResponseBody$Companion$asResponseBody$1@3e587920&quot;" type="java.lang.NumberFormatException">java.lang.NumberFormatException: For input string: &quot;okhttp3.ResponseBody$Companion$asResponseBody$1@3e587920&quot;
	at java.base/java.lang.NumberFormatException.forInputString(NumberFormatException.java:67)
	at java.base/java.lang.Integer.parseInt(Integer.java:662)
	at java.base/java.lang.Integer.parseInt(Integer.java:778)
	at api.mappings.Member.UpdateMemberPositiveTest.setUpMember(UpdateMemberPositiveTest.java:41)
	at java.base/jdk.internal.reflect.DirectMethodHandleAccessor.invoke(DirectMethodHandleAccessor.java:103)
	at java.base/java.lang.reflect.Method.invoke(Method.java:580)
	at org.testng.internal.MethodInvocationHelper.invokeMethod(MethodInvocationHelper.java:133)
	at org.testng.internal.MethodInvocationHelper.invokeMethodConsideringTimeout(MethodInvocationHelper.java:62)
	at org.testng.internal.ConfigInvoker.invokeConfigurationMethod(ConfigInvoker.java:385)
	at org.testng.internal.ConfigInvoker.invokeConfigurations(ConfigInvoker.java:321)
	at org.testng.internal.TestInvoker.runConfigMethods(TestInvoker.java:700)
	at org.testng.internal.TestInvoker.invokeMethod(TestInvoker.java:527)
	at org.testng.internal.TestInvoker.invokeTestMethod(TestInvoker.java:173)
	at org.testng.internal.MethodRunner.runInSequence(MethodRunner.java:46)
	at org.testng.internal.TestInvoker$MethodInvocationAgent.invoke(TestInvoker.java:824)
	at org.testng.internal.TestInvoker.invokeTestMethods(TestInvoker.java:146)
	at org.testng.internal.TestMethodWorker.invokeTestMethods(TestMethodWorker.java:146)
	at org.testng.internal.TestMethodWorker.run(TestMethodWorker.java:128)
	at java.base/java.util.ArrayList.forEach(ArrayList.java:1596)
	at org.testng.TestRunner.privateRun(TestRunner.java:794)
	at org.testng.TestRunner.run(TestRunner.java:596)
	at org.testng.SuiteRunner.runTest(SuiteRunner.java:377)
	at org.testng.SuiteRunner.runSequentially(SuiteRunner.java:371)
	at org.testng.SuiteRunner.privateRun(SuiteRunner.java:332)
	at org.testng.SuiteRunner.run(SuiteRunner.java:276)
	at org.testng.SuiteRunnerWorker.runSuite(SuiteRunnerWorker.java:53)
	at org.testng.SuiteRunnerWorker.run(SuiteRunnerWorker.java:96)
	at org.testng.TestNG.runSuitesSequentially(TestNG.java:1212)
	at org.testng.TestNG.runSuitesLocally(TestNG.java:1134)
	at org.testng.TestNG.runSuites(TestNG.java:1063)
	at org.testng.TestNG.run(TestNG.java:1031)
	at org.gradle.api.internal.tasks.testing.testng.TestNGTestClassProcessor.runTests(TestNGTestClassProcessor.java:153)
	at org.gradle.api.internal.tasks.testing.testng.TestNGTestClassProcessor.stop(TestNGTestClassProcessor.java:95)
	at org.gradle.api.internal.tasks.testing.SuiteTestClassProcessor.stop(SuiteTestClassProcessor.java:63)
	at java.base/jdk.internal.reflect.DirectMethodHandleAccessor.invoke(DirectMethodHandleAccessor.java:103)
	at java.base/java.lang.reflect.Method.invoke(Method.java:580)
	at org.gradle.internal.dispatch.ReflectionDispatch.dispatch(ReflectionDispatch.java:36)
	at org.gradle.internal.dispatch.ReflectionDispatch.dispatch(ReflectionDispatch.java:24)
	at org.gradle.internal.dispatch.ContextClassLoaderDispatch.dispatch(ContextClassLoaderDispatch.java:33)
	at org.gradle.internal.dispatch.ProxyDispatchAdapter$DispatchingInvocationHandler.invoke(ProxyDispatchAdapter.java:92)
	at jdk.proxy1/jdk.proxy1.$Proxy4.stop(Unknown Source)
	at org.gradle.api.internal.tasks.testing.worker.TestWorker$3.run(TestWorker.java:200)
	at org.gradle.api.internal.tasks.testing.worker.TestWorker.executeAndMaintainThreadName(TestWorker.java:132)
	at org.gradle.api.internal.tasks.testing.worker.TestWorker.execute(TestWorker.java:103)
	at org.gradle.api.internal.tasks.testing.worker.TestWorker.execute(TestWorker.java:63)
	at org.gradle.process.internal.worker.child.ActionExecutionWorker.execute(ActionExecutionWorker.java:56)
	at org.gradle.process.internal.worker.child.SystemApplicationClassLoaderWorker.call(SystemApplicationClassLoaderWorker.java:121)
	at org.gradle.process.internal.worker.child.SystemApplicationClassLoaderWorker.call(SystemApplicationClassLoaderWorker.java:71)
	at worker.org.gradle.process.internal.worker.GradleWorkerMain.run(GradleWorkerMain.java:69)
	at worker.org.gradle.process.internal.worker.GradleWorkerMain.main(GradleWorkerMain.java:74)
</failure>
  </testcase>
  <testcase name="updateMemberPositiveTest1" classname="api.mappings.Member.UpdateMemberPositiveTest" time="0.0">
    <skipped/>
  </testcase>
  <testcase name="updateMemberPositiveTest2" classname="api.mappings.Member.UpdateMemberPositiveTest" time="0.0">
    <skipped/>
  </testcase>
  <system-out><![CDATA[]]></system-out>
  <system-err><![CDATA[Jan 15, 2025 1:11:23 PM okhttp3.internal.platform.Platform log
INFO: --> POST http://localhost:8080/member
Jan 15, 2025 1:11:23 PM okhttp3.internal.platform.Platform log
INFO: Content-Type: application/json; charset=UTF-8
Jan 15, 2025 1:11:23 PM okhttp3.internal.platform.Platform log
INFO: Content-Length: 262
Jan 15, 2025 1:11:23 PM okhttp3.internal.platform.Platform log
INFO: 
Jan 15, 2025 1:11:23 PM okhttp3.internal.platform.Platform log
INFO: {"id":null,"firstName":"Manuel","lastName":"Daniel","address":"Rua das Flores","postalCode":"3898-098","city":"Amarante","country":"Portugal","phoneNumber":963852741,"nif":123456789,"email":"john@doe.com","birthDate":"1999-09-09","registrationDate":"2025-01-15"}
Jan 15, 2025 1:11:23 PM okhttp3.internal.platform.Platform log
INFO: --> END POST (262-byte body)
Jan 15, 2025 1:11:23 PM okhttp3.internal.platform.Platform log
INFO: <-- 201 http://localhost:8080/member (23ms)
Jan 15, 2025 1:11:23 PM okhttp3.internal.platform.Platform log
INFO: Content-Type: application/json
Jan 15, 2025 1:11:23 PM okhttp3.internal.platform.Platform log
INFO: Transfer-Encoding: chunked
Jan 15, 2025 1:11:23 PM okhttp3.internal.platform.Platform log
INFO: Date: Wed, 15 Jan 2025 13:11:23 GMT
Jan 15, 2025 1:11:23 PM okhttp3.internal.platform.Platform log
INFO: Keep-Alive: timeout=60
Jan 15, 2025 1:11:23 PM okhttp3.internal.platform.Platform log
INFO: Connection: keep-alive
Jan 15, 2025 1:11:23 PM okhttp3.internal.platform.Platform log
INFO: 
Jan 15, 2025 1:11:23 PM okhttp3.internal.platform.Platform log
INFO: 118
Jan 15, 2025 1:11:23 PM okhttp3.internal.platform.Platform log
INFO: <-- END HTTP (3-byte body)
]]></system-err>
</testsuite>
